<?xml version="1.0" encoding="UTF-8"?>
<!-- Generated by org.testng.reporters.JUnitReportReporter -->
<testsuite hostname="LAPTOP-FBD7K1JQ" failures="0" tests="5" name="testNg.Listener" time="9.968" errors="0" timestamp="2025-03-10T13:06:26 IST" skipped="0">
  <testcase classname="testNg.Listener" name="loginpageLogo" time="3.091"/>
  <testcase classname="testNg.Listener" name="login" time="6.794"/>
  <testcase classname="testNg.Listener" name="verifyLogo" time="0.055"/>
  <testcase classname="testNg.Listener" name="lgn" time="0.022"/>
  <testcase classname="testNg.Listener" name="gn" time="0.006"/>
</testsuite> <!-- testNg.Listener -->
