<?xml version="1.0" encoding="UTF-8"?>
<!-- Generated by org.testng.reporters.JUnitReportReporter -->
<testsuite hostname="LAPTOP-FBD7K1JQ" failures="0" tests="10" name="testNg.PracticeTestNg" time="37.521" errors="0" timestamp="2025-03-06T09:55:20 IST" skipped="0">
  <testcase classname="testNg.PracticeTestNg" name="testLogin" time="6.339"/>
  <testcase classname="testNg.PracticeTestNg" name="testLogin" time="6.383"/>
  <testcase classname="testNg.PracticeTestNg" name="testLogin" time="7.728"/>
  <testcase classname="testNg.PracticeTestNg" name="testLogin" time="6.512"/>
  <testcase classname="testNg.PracticeTestNg" name="LoginPage" time="0.014"/>
  <testcase classname="testNg.PracticeTestNg" name="verifyhomePage" time="0.050"/>
  <testcase classname="testNg.PracticeTestNg" name="addtoCart" time="2.139"/>
  <testcase classname="testNg.PracticeTestNg" name="sourcelabBackPackWord" time="3.084"/>
  <testcase classname="testNg.PracticeTestNg" name="ShoppingCartList" time="2.176"/>
  <testcase classname="testNg.PracticeTestNg" name="ContinueShopping" time="3.096"/>
</testsuite> <!-- testNg.PracticeTestNg -->
