<?xml version="1.0" encoding="UTF-8"?>
<!-- Generated by org.testng.reporters.JUnitReportReporter -->
<testsuite hostname="LAPTOP-FBD7K1JQ" failures="0" tests="2" name="testNg.TestLogin" time="5.893" errors="0" timestamp="2025-03-10T10:41:43 IST" skipped="0">
  <testcase classname="testNg.TestLogin" name="loginTest" time="3.777"/>
  <testcase classname="testNg.TestLogin" name="verifyAddToCart" time="2.116"/>
</testsuite> <!-- testNg.TestLogin -->
