<?xml version="1.0" encoding="UTF-8"?>
<!-- Generated by org.testng.reporters.JUnitReportReporter -->
<testsuite hostname="LAPTOP-FBD7K1JQ" failures="0" tests="3" name="testNg.DataproviderExample" time="20.230" errors="0" timestamp="2025-03-05T17:50:21 IST" skipped="0">
  <testcase classname="testNg.DataproviderExample" name="login" time="5.263"/>
  <testcase classname="testNg.DataproviderExample" name="login" time="4.709"/>
  <testcase classname="testNg.DataproviderExample" name="login" time="10.258"/>
</testsuite> <!-- testNg.DataproviderExample -->
