<?xml version="1.0" encoding="UTF-8"?>
<!-- Generated by org.testng.reporters.JUnitReportReporter -->
<testsuite hostname="LAPTOP-FBD7K1JQ" failures="0" tests="3" name="testNg.demoTestNg" time="0.012" errors="0" timestamp="2025-02-28T15:03:47 IST" skipped="0">
  <testcase classname="testNg.demoTestNg" name="logotApp" time="0.009"/>
  <testcase classname="testNg.demoTestNg" name="VerifyHomepage" time="0.001"/>
  <testcase classname="testNg.demoTestNg" name="loginapp" time="0.002"/>
</testsuite> <!-- testNg.demoTestNg -->
